<?xml version="1.0" encoding="UTF-8"?>
<testsuite name="com.example.demo.DemoApplicationTests" tests="1" skipped="0" failures="0" errors="0" timestamp="2025-09-25T12:55:14.737Z" hostname="jeongda-eun-ui-MacBookAir.local" time="0.401">
  <properties/>
  <testcase name="contextLoads()" classname="com.example.demo.DemoApplicationTests" time="0.401"/>
  <system-out><![CDATA[21:55:14.140 [Test worker] INFO org.springframework.test.context.support.AnnotationConfigContextLoaderUtils -- Could not detect default configuration classes for test class [com.example.demo.DemoApplicationTests]: DemoApplicationTests does not declare any static, non-private, non-final, nested classes annotated with @Configuration.
21:55:14.174 [Test worker] INFO org.springframework.boot.test.context.SpringBootTestContextBootstrapper -- Found @SpringBootConfiguration com.example.demo.DemoApplication for test class com.example.demo.DemoApplicationTests

  .   ____          _            __ _ _
 /\\ / ___'_ __ _ _(_)_ __  __ _ \ \ \ \
( ( )\___ | '_ | '_| | '_ \/ _` | \ \ \ \
 \\/  ___)| |_)| | | | | || (_| |  ) ) ) )
  '  |____| .__|_| |_|_| |_\__, | / / / /
 =========|_|==============|___/=/_/_/_/
?[32m :: Spring Boot :: ?[39m              ?[2m (v3.2.5)?[0;39m

?[2m2025-09-25T21:55:14.360+09:00?[0;39m ?[32m INFO?[0;39m ?[35m5982?[0;39m ?[2m---?[0;39m ?[2m[demo] [    Test worker]?[0;39m ?[2m?[0;39m?[36mcom.example.demo.DemoApplicationTests   ?[0;39m ?[2m:?[0;39m Starting DemoApplicationTests using Java 22.0.2 with PID 5982 (started by jeongda-eun in /Users/jeongda-eun/Library/Mobile Documents/com~apple~CloudDocs/25-2/전자정부/Framework)
?[2m2025-09-25T21:55:14.361+09:00?[0;39m ?[32m INFO?[0;39m ?[35m5982?[0;39m ?[2m---?[0;39m ?[2m[demo] [    Test worker]?[0;39m ?[2m?[0;39m?[36mcom.example.demo.DemoApplicationTests   ?[0;39m ?[2m:?[0;39m No active profile set, falling back to 1 default profile: "default"
?[2m2025-09-25T21:55:14.732+09:00?[0;39m ?[32m INFO?[0;39m ?[35m5982?[0;39m ?[2m---?[0;39m ?[2m[demo] [    Test worker]?[0;39m ?[2m?[0;39m?[36mcom.example.demo.DemoApplicationTests   ?[0;39m ?[2m:?[0;39m Started DemoApplicationTests in 0.509 seconds (process running for 0.924)
]]></system-out>
  <system-err><![CDATA[WARNING: A Java agent has been loaded dynamically (/Users/jeongda-eun/.gradle/caches/modules-2/files-2.1/net.bytebuddy/byte-buddy-agent/1.14.13/979ce25f7d3096a2e82214ba7dc972a05ce7a171/byte-buddy-agent-1.14.13.jar)
WARNING: If a serviceability tool is in use, please run with -XX:+EnableDynamicAgentLoading to hide this warning
WARNING: If a serviceability tool is not in use, please run with -Djdk.instrument.traceUsage for more information
WARNING: Dynamic loading of agents will be disallowed by default in a future release
]]></system-err>
</testsuite>
